Log file opened: miner.log
2025-10-23 02:40:25.593 [INFO ] Logger initialized successfully
2025-10-23 02:40:25.593 [INFO ] Initializing native RandomX implementation
2025-10-23 02:40:25.593 [INFO ] Using {} threads for RandomX 8
2025-10-23 02:40:25.593 [INFO ] Initializing RandomX cache
2025-10-23 02:40:25.723 [INFO ] RandomX cache initialized
2025-10-23 02:40:25.723 [INFO ] Initializing RandomX dataset
2025-10-23 02:40:28.097 [INFO ] RandomX dataset initialized
2025-10-23 02:40:28.105 [INFO ] Applying Apple Silicon optimizations
2025-10-23 02:40:28.105 [INFO ] Native RandomX initialized successfully
2025-10-23 02:40:28.105 [INFO ] Initializing simplified Metal GPU
2025-10-23 02:40:28.105 [WARN ] Not running on Apple Silicon, GPU acceleration disabled
2025-10-23 02:40:28.105 [WARN ] Failed to initialize Metal GPU, continuing with CPU only
2025-10-23 02:40:28.105 [INFO ] Initializing CPU demand-based throttling system
2025-10-23 02:40:28.105 [INFO ] CPU throttling system initialized
CPU thresholds set - Low: {:.1f}%, High: {:.1f}%, Max: {:.1f}%
2025-10-23 02:40:28.105 [INFO ] Initializing pool connection to: stratum+tcp://pool.supportxmr.com:443
Pool connection initialized - URL: stratum+tcp://pool.supportxmr.com:443, User: 4AdUndXHHZ6cFaeRHT7xZ5SEdWqRWk3xQwE7xqb3fLEgTzgknc2IKMRX5Kn7tXwv1Yk3gP1A6jtrtC4wBwj2iQj7, Worker: apple-silicon-miner
2025-10-23 02:40:28.107 [INFO ] Initializing performance monitoring system
2025-10-23 02:40:28.107 [INFO ] Performance monitoring system initialized
2025-10-23 02:40:28.107 [INFO ] Miner initialized successfully
2025-10-23 02:40:28.107 [INFO ] Miner initialized successfully
2025-10-23 02:40:28.107 [INFO ] Starting miner
2025-10-23 02:40:28.107 [INFO ] Starting CPU demand monitoring
2025-10-23 02:40:28.107 [INFO ] CPU monitoring started
2025-10-23 02:40:28.107 [INFO ] Starting performance monitoring
2025-10-23 02:40:28.107 [INFO ] CPU monitoring loop started
2025-10-23 02:40:28.108 [INFO ] Performance monitoring started
2025-10-23 02:40:28.108 [INFO ] Performance monitoring loop started
2025-10-23 02:40:28.108 [INFO ] Connecting to mining pool: stratum+tcp://pool.supportxmr.com:443
2025-10-23 02:40:28.108 [INFO ] Pool communication loop started
2025-10-23 02:40:28.616 [ERROR] Failed to login to pool
2025-10-23 02:40:28.617 [INFO ] Pool communication loop ended
2025-10-23 02:40:58.154 [ERROR] Failed to connect to pool within timeout
2025-10-23 02:40:58.154 [WARN ] Failed to connect to pool, continuing with solo mining
2025-10-23 02:40:58.154 [INFO ] Miner started successfully
2025-10-23 02:40:58.154 [INFO ] Mining loop started
2025-10-23 02:40:58.154 [INFO ] Mining started
2025-10-23 02:40:58.156 [INFO ] Initial stats - Hashrate: 0.000000 H/s, Temperature: 0.000000°C
Exception in mining loop: stoull: out of range
Exception in mining loop: stoull: out of range
Exception in mining loop: stoull: out of range
Exception in mining loop: stoull: out of range
Exception in mining loop: stoull: out of range
Exception in mining loop: stoull: out of range
Exception in mining loop: stoull: out of range
Exception in mining loop: stoull: out of range
Exception in mining loop: stoull: out of range
Exception in mining loop: stoull: out of range
Exception in mining loop: stoull: out of range
Exception in mining loop: stoull: out of range
Exception in mining loop: stoull: out of range
Exception in mining loop: stoull: out of range
Exception in mining loop: stoull: out of range
Exception in mining loop: stoull: out of range
Exception in mining loop: stoull: out of range
Exception in mining loop: stoull: out of range
Exception in mining loop: stoull: out of range
Exception in mining loop: stoull: out of range
Exception in mining loop: stoull: out of range
Exception in mining loop: stoull: out of range
Exception in mining loop: stoull: out of range
Exception in mining loop: stoull: out of range
Exception in mining loop: stoull: out of range
Exception in mining loop: stoull: out of range
Exception in mining loop: stoull: out of range
Exception in mining loop: stoull: out of range
Exception in mining loop: stoull: out of range
Exception in mining loop: stoull: out of range
Exception in mining loop: stoull: out of range
Stats - Hashrate: {:.2f} H/s, Total: 0 H, Accepted: 31, Rejected: 0, Temp: {:.1f}°C
Exception in mining loop: stoull: out of range
Exception in mining loop: stoull: out of range
Exception in mining loop: stoull: out of range
Exception in mining loop: stoull: out of range
Exception in mining loop: stoull: out of range
Exception in mining loop: stoull: out of range
Exception in mining loop: stoull: out of range
Exception in mining loop: stoull: out of range
Exception in mining loop: stoull: out of range
Exception in mining loop: stoull: out of range
Exception in mining loop: stoull: out of range
Exception in mining loop: stoull: out of range
Exception in mining loop: stoull: out of range
Exception in mining loop: stoull: out of range
Exception in mining loop: stoull: out of range
Exception in mining loop: stoull: out of range
Exception in mining loop: stoull: out of range
Exception in mining loop: stoull: out of range
Exception in mining loop: stoull: out of range
Exception in mining loop: stoull: out of range
Exception in mining loop: stoull: out of range
Exception in mining loop: stoull: out of range
Exception in mining loop: stoull: out of range
Exception in mining loop: stoull: out of range
Exception in mining loop: stoull: out of range
Exception in mining loop: stoull: out of range
Exception in mining loop: stoull: out of range
Exception in mining loop: stoull: out of range
Exception in mining loop: stoull: out of range
Exception in mining loop: stoull: out of range
Stats - Hashrate: {:.2f} H/s, Total: 0 H, Accepted: 61, Rejected: 0, Temp: {:.1f}°C
Exception in mining loop: stoull: out of range
Exception in mining loop: stoull: out of range
Exception in mining loop: stoull: out of range
Exception in mining loop: stoull: out of range
Exception in mining loop: stoull: out of range
Exception in mining loop: stoull: out of range
Exception in mining loop: stoull: out of range
Exception in mining loop: stoull: out of range
Exception in mining loop: stoull: out of range
Exception in mining loop: stoull: out of range
Exception in mining loop: stoull: out of range
Exception in mining loop: stoull: out of range
Exception in mining loop: stoull: out of range
Exception in mining loop: stoull: out of range
Exception in mining loop: stoull: out of range
Exception in mining loop: stoull: out of range
Exception in mining loop: stoull: out of range
Exception in mining loop: stoull: out of range
Exception in mining loop: stoull: out of range
Exception in mining loop: stoull: out of range
Exception in mining loop: stoull: out of range
Exception in mining loop: stoull: out of range
Exception in mining loop: stoull: out of range
Exception in mining loop: stoull: out of range
Exception in mining loop: stoull: out of range
Exception in mining loop: stoull: out of range
Exception in mining loop: stoull: out of range
Exception in mining loop: stoull: out of range
Exception in mining loop: stoull: out of range
Exception in mining loop: stoull: out of range
Stats - Hashrate: {:.2f} H/s, Total: 0 H, Accepted: 91, Rejected: 0, Temp: {:.1f}°C
Exception in mining loop: stoull: out of range
Exception in mining loop: stoull: out of range
Exception in mining loop: stoull: out of range
Exception in mining loop: stoull: out of range
Exception in mining loop: stoull: out of range
Exception in mining loop: stoull: out of range
Exception in mining loop: stoull: out of range
Exception in mining loop: stoull: out of range
Exception in mining loop: stoull: out of range
Exception in mining loop: stoull: out of range
Exception in mining loop: stoull: out of range
Exception in mining loop: stoull: out of range
Exception in mining loop: stoull: out of range
Exception in mining loop: stoull: out of range
Exception in mining loop: stoull: out of range
Exception in mining loop: stoull: out of range
Exception in mining loop: stoull: out of range
Exception in mining loop: stoull: out of range
Exception in mining loop: stoull: out of range
Exception in mining loop: stoull: out of range
Exception in mining loop: stoull: out of range
Exception in mining loop: stoull: out of range
Exception in mining loop: stoull: out of range
Exception in mining loop: stoull: out of range
Exception in mining loop: stoull: out of range
Exception in mining loop: stoull: out of range
Exception in mining loop: stoull: out of range
Exception in mining loop: stoull: out of range
Exception in mining loop: stoull: out of range
Exception in mining loop: stoull: out of range
Stats - Hashrate: {:.2f} H/s, Total: 0 H, Accepted: 121, Rejected: 0, Temp: {:.1f}°C
Exception in mining loop: stoull: out of range
Exception in mining loop: stoull: out of range
Exception in mining loop: stoull: out of range
Exception in mining loop: stoull: out of range
Exception in mining loop: stoull: out of range
Exception in mining loop: stoull: out of range
Exception in mining loop: stoull: out of range
Exception in mining loop: stoull: out of range
Exception in mining loop: stoull: out of range
Exception in mining loop: stoull: out of range
Exception in mining loop: stoull: out of range
Exception in mining loop: stoull: out of range
Exception in mining loop: stoull: out of range
Exception in mining loop: stoull: out of range
Exception in mining loop: stoull: out of range
Exception in mining loop: stoull: out of range
Exception in mining loop: stoull: out of range
Exception in mining loop: stoull: out of range
Exception in mining loop: stoull: out of range
Exception in mining loop: stoull: out of range
Exception in mining loop: stoull: out of range
Exception in mining loop: stoull: out of range
Exception in mining loop: stoull: out of range
Exception in mining loop: stoull: out of range
Exception in mining loop: stoull: out of range
Exception in mining loop: stoull: out of range
Exception in mining loop: stoull: out of range
Exception in mining loop: stoull: out of range
Exception in mining loop: stoull: out of range
Exception in mining loop: stoull: out of range
Stats - Hashrate: {:.2f} H/s, Total: 0 H, Accepted: 151, Rejected: 0, Temp: {:.1f}°C
Exception in mining loop: stoull: out of range
Exception in mining loop: stoull: out of range
Exception in mining loop: stoull: out of range
Exception in mining loop: stoull: out of range
Exception in mining loop: stoull: out of range
Exception in mining loop: stoull: out of range
Exception in mining loop: stoull: out of range
Exception in mining loop: stoull: out of range
Exception in mining loop: stoull: out of range
Exception in mining loop: stoull: out of range
Exception in mining loop: stoull: out of range
Exception in mining loop: stoull: out of range
Exception in mining loop: stoull: out of range
Exception in mining loop: stoull: out of range
Exception in mining loop: stoull: out of range
Exception in mining loop: stoull: out of range
Exception in mining loop: stoull: out of range
Exception in mining loop: stoull: out of range
Exception in mining loop: stoull: out of range
Exception in mining loop: stoull: out of range
Exception in mining loop: stoull: out of range
Exception in mining loop: stoull: out of range
Exception in mining loop: stoull: out of range
Exception in mining loop: stoull: out of range
Exception in mining loop: stoull: out of range
Exception in mining loop: stoull: out of range
Exception in mining loop: stoull: out of range
Exception in mining loop: stoull: out of range
Exception in mining loop: stoull: out of range
Exception in mining loop: stoull: out of range
Stats - Hashrate: {:.2f} H/s, Total: 0 H, Accepted: 181, Rejected: 0, Temp: {:.1f}°C
Exception in mining loop: stoull: out of range
Exception in mining loop: stoull: out of range
Exception in mining loop: stoull: out of range
Exception in mining loop: stoull: out of range
Exception in mining loop: stoull: out of range
Exception in mining loop: stoull: out of range
Exception in mining loop: stoull: out of range
Exception in mining loop: stoull: out of range
Exception in mining loop: stoull: out of range
Exception in mining loop: stoull: out of range
Exception in mining loop: stoull: out of range
Exception in mining loop: stoull: out of range
Exception in mining loop: stoull: out of range
Exception in mining loop: stoull: out of range
Exception in mining loop: stoull: out of range
Exception in mining loop: stoull: out of range
Exception in mining loop: stoull: out of range
Exception in mining loop: stoull: out of range
Exception in mining loop: stoull: out of range
Exception in mining loop: stoull: out of range
Exception in mining loop: stoull: out of range
Exception in mining loop: stoull: out of range
Exception in mining loop: stoull: out of range
Exception in mining loop: stoull: out of range
Exception in mining loop: stoull: out of range
Exception in mining loop: stoull: out of range
Exception in mining loop: stoull: out of range
Exception in mining loop: stoull: out of range
Exception in mining loop: stoull: out of range
Exception in mining loop: stoull: out of range
Stats - Hashrate: {:.2f} H/s, Total: 0 H, Accepted: 211, Rejected: 0, Temp: {:.1f}°C
Exception in mining loop: stoull: out of range
Exception in mining loop: stoull: out of range
Exception in mining loop: stoull: out of range
Exception in mining loop: stoull: out of range
Exception in mining loop: stoull: out of range
Exception in mining loop: stoull: out of range
Exception in mining loop: stoull: out of range
Exception in mining loop: stoull: out of range
Exception in mining loop: stoull: out of range
Exception in mining loop: stoull: out of range
Exception in mining loop: stoull: out of range
Exception in mining loop: stoull: out of range
Exception in mining loop: stoull: out of range
Exception in mining loop: stoull: out of range
Exception in mining loop: stoull: out of range
Exception in mining loop: stoull: out of range
Exception in mining loop: stoull: out of range
Exception in mining loop: stoull: out of range
Exception in mining loop: stoull: out of range
Exception in mining loop: stoull: out of range
Exception in mining loop: stoull: out of range
Exception in mining loop: stoull: out of range
Exception in mining loop: stoull: out of range
Exception in mining loop: stoull: out of range
Exception in mining loop: stoull: out of range
Exception in mining loop: stoull: out of range
Exception in mining loop: stoull: out of range
Exception in mining loop: stoull: out of range
Exception in mining loop: stoull: out of range
Exception in mining loop: stoull: out of range
Stats - Hashrate: {:.2f} H/s, Total: 0 H, Accepted: 241, Rejected: 0, Temp: {:.1f}°C
Exception in mining loop: stoull: out of range
Exception in mining loop: stoull: out of range
Exception in mining loop: stoull: out of range
Exception in mining loop: stoull: out of range
Exception in mining loop: stoull: out of range
Exception in mining loop: stoull: out of range
Exception in mining loop: stoull: out of range
Exception in mining loop: stoull: out of range
Exception in mining loop: stoull: out of range
Exception in mining loop: stoull: out of range
Exception in mining loop: stoull: out of range
Exception in mining loop: stoull: out of range
Exception in mining loop: stoull: out of range
Exception in mining loop: stoull: out of range
Exception in mining loop: stoull: out of range
Exception in mining loop: stoull: out of range
Exception in mining loop: stoull: out of range
Exception in mining loop: stoull: out of range
Exception in mining loop: stoull: out of range
Exception in mining loop: stoull: out of range
Exception in mining loop: stoull: out of range
Exception in mining loop: stoull: out of range
Exception in mining loop: stoull: out of range
Exception in mining loop: stoull: out of range
Exception in mining loop: stoull: out of range
Exception in mining loop: stoull: out of range
Exception in mining loop: stoull: out of range
Exception in mining loop: stoull: out of range
Exception in mining loop: stoull: out of range
Exception in mining loop: stoull: out of range
Stats - Hashrate: {:.2f} H/s, Total: 0 H, Accepted: 271, Rejected: 0, Temp: {:.1f}°C
Exception in mining loop: stoull: out of range
Exception in mining loop: stoull: out of range
Exception in mining loop: stoull: out of range
Exception in mining loop: stoull: out of range
Exception in mining loop: stoull: out of range
Exception in mining loop: stoull: out of range
Exception in mining loop: stoull: out of range
Exception in mining loop: stoull: out of range
Exception in mining loop: stoull: out of range
Exception in mining loop: stoull: out of range
Exception in mining loop: stoull: out of range
Exception in mining loop: stoull: out of range
Exception in mining loop: stoull: out of range
Exception in mining loop: stoull: out of range
Exception in mining loop: stoull: out of range
Exception in mining loop: stoull: out of range
Exception in mining loop: stoull: out of range
Exception in mining loop: stoull: out of range
Exception in mining loop: stoull: out of range
Exception in mining loop: stoull: out of range
Exception in mining loop: stoull: out of range
Exception in mining loop: stoull: out of range
Exception in mining loop: stoull: out of range
Exception in mining loop: stoull: out of range
Exception in mining loop: stoull: out of range
Exception in mining loop: stoull: out of range
Exception in mining loop: stoull: out of range
Exception in mining loop: stoull: out of range
Exception in mining loop: stoull: out of range
Exception in mining loop: stoull: out of range
Stats - Hashrate: {:.2f} H/s, Total: 0 H, Accepted: 301, Rejected: 0, Temp: {:.1f}°C
Exception in mining loop: stoull: out of range
Exception in mining loop: stoull: out of range
Exception in mining loop: stoull: out of range
Exception in mining loop: stoull: out of range
Exception in mining loop: stoull: out of range
Exception in mining loop: stoull: out of range
Exception in mining loop: stoull: out of range
Exception in mining loop: stoull: out of range
Exception in mining loop: stoull: out of range
Exception in mining loop: stoull: out of range
Exception in mining loop: stoull: out of range
Exception in mining loop: stoull: out of range
Exception in mining loop: stoull: out of range
Exception in mining loop: stoull: out of range
Exception in mining loop: stoull: out of range
Exception in mining loop: stoull: out of range
Exception in mining loop: stoull: out of range
Exception in mining loop: stoull: out of range
Exception in mining loop: stoull: out of range
Exception in mining loop: stoull: out of range
Exception in mining loop: stoull: out of range
Exception in mining loop: stoull: out of range
Exception in mining loop: stoull: out of range
Exception in mining loop: stoull: out of range
Exception in mining loop: stoull: out of range
Exception in mining loop: stoull: out of range
Exception in mining loop: stoull: out of range
Exception in mining loop: stoull: out of range
Exception in mining loop: stoull: out of range
Exception in mining loop: stoull: out of range
Stats - Hashrate: {:.2f} H/s, Total: 0 H, Accepted: 331, Rejected: 0, Temp: {:.1f}°C
Exception in mining loop: stoull: out of range
Exception in mining loop: stoull: out of range
Exception in mining loop: stoull: out of range
Exception in mining loop: stoull: out of range
Exception in mining loop: stoull: out of range
Exception in mining loop: stoull: out of range
Exception in mining loop: stoull: out of range
Exception in mining loop: stoull: out of range
Exception in mining loop: stoull: out of range
Exception in mining loop: stoull: out of range
Exception in mining loop: stoull: out of range
Exception in mining loop: stoull: out of range
Exception in mining loop: stoull: out of range
Exception in mining loop: stoull: out of range
Exception in mining loop: stoull: out of range
Exception in mining loop: stoull: out of range
Exception in mining loop: stoull: out of range
Exception in mining loop: stoull: out of range
Exception in mining loop: stoull: out of range
Exception in mining loop: stoull: out of range
Exception in mining loop: stoull: out of range
Exception in mining loop: stoull: out of range
Exception in mining loop: stoull: out of range
Exception in mining loop: stoull: out of range
Exception in mining loop: stoull: out of range
Exception in mining loop: stoull: out of range
Exception in mining loop: stoull: out of range
Exception in mining loop: stoull: out of range
Exception in mining loop: stoull: out of range
Exception in mining loop: stoull: out of range
Stats - Hashrate: {:.2f} H/s, Total: 0 H, Accepted: 361, Rejected: 0, Temp: {:.1f}°C
Exception in mining loop: stoull: out of range
Exception in mining loop: stoull: out of range
Exception in mining loop: stoull: out of range
Exception in mining loop: stoull: out of range
Exception in mining loop: stoull: out of range
Exception in mining loop: stoull: out of range
Exception in mining loop: stoull: out of range
Exception in mining loop: stoull: out of range
Exception in mining loop: stoull: out of range
Exception in mining loop: stoull: out of range
Exception in mining loop: stoull: out of range
Exception in mining loop: stoull: out of range
Exception in mining loop: stoull: out of range
Exception in mining loop: stoull: out of range
Exception in mining loop: stoull: out of range
Exception in mining loop: stoull: out of range
Exception in mining loop: stoull: out of range
Exception in mining loop: stoull: out of range
Exception in mining loop: stoull: out of range
Exception in mining loop: stoull: out of range
Exception in mining loop: stoull: out of range
Exception in mining loop: stoull: out of range
Exception in mining loop: stoull: out of range
Exception in mining loop: stoull: out of range
Exception in mining loop: stoull: out of range
Exception in mining loop: stoull: out of range
Exception in mining loop: stoull: out of range
Exception in mining loop: stoull: out of range
Exception in mining loop: stoull: out of range
Exception in mining loop: stoull: out of range
Stats - Hashrate: {:.2f} H/s, Total: 0 H, Accepted: 391, Rejected: 0, Temp: {:.1f}°C
Exception in mining loop: stoull: out of range
Exception in mining loop: stoull: out of range
Exception in mining loop: stoull: out of range
Exception in mining loop: stoull: out of range
Exception in mining loop: stoull: out of range
Exception in mining loop: stoull: out of range
Exception in mining loop: stoull: out of range
Exception in mining loop: stoull: out of range
Exception in mining loop: stoull: out of range
Exception in mining loop: stoull: out of range
Exception in mining loop: stoull: out of range
Exception in mining loop: stoull: out of range
Exception in mining loop: stoull: out of range
Exception in mining loop: stoull: out of range
Exception in mining loop: stoull: out of range
Exception in mining loop: stoull: out of range
Exception in mining loop: stoull: out of range
Exception in mining loop: stoull: out of range
Exception in mining loop: stoull: out of range
Exception in mining loop: stoull: out of range
Exception in mining loop: stoull: out of range
Exception in mining loop: stoull: out of range
Exception in mining loop: stoull: out of range
Exception in mining loop: stoull: out of range
Exception in mining loop: stoull: out of range
Exception in mining loop: stoull: out of range
Exception in mining loop: stoull: out of range
Exception in mining loop: stoull: out of range
Exception in mining loop: stoull: out of range
Exception in mining loop: stoull: out of range
Stats - Hashrate: {:.2f} H/s, Total: 0 H, Accepted: 421, Rejected: 0, Temp: {:.1f}°C
Exception in mining loop: stoull: out of range
Exception in mining loop: stoull: out of range
Exception in mining loop: stoull: out of range
Exception in mining loop: stoull: out of range
Exception in mining loop: stoull: out of range
Exception in mining loop: stoull: out of range
Exception in mining loop: stoull: out of range
Exception in mining loop: stoull: out of range
Exception in mining loop: stoull: out of range
Exception in mining loop: stoull: out of range
Exception in mining loop: stoull: out of range
Exception in mining loop: stoull: out of range
Exception in mining loop: stoull: out of range
Exception in mining loop: stoull: out of range
Exception in mining loop: stoull: out of range
Exception in mining loop: stoull: out of range
Exception in mining loop: stoull: out of range
Exception in mining loop: stoull: out of range
Exception in mining loop: stoull: out of range
Exception in mining loop: stoull: out of range
Exception in mining loop: stoull: out of range
Exception in mining loop: stoull: out of range
Exception in mining loop: stoull: out of range
Exception in mining loop: stoull: out of range
Exception in mining loop: stoull: out of range
Exception in mining loop: stoull: out of range
Exception in mining loop: stoull: out of range
Exception in mining loop: stoull: out of range
Exception in mining loop: stoull: out of range
Exception in mining loop: stoull: out of range
Stats - Hashrate: {:.2f} H/s, Total: 0 H, Accepted: 451, Rejected: 0, Temp: {:.1f}°C
Exception in mining loop: stoull: out of range
Exception in mining loop: stoull: out of range
Exception in mining loop: stoull: out of range
Exception in mining loop: stoull: out of range
Exception in mining loop: stoull: out of range
Exception in mining loop: stoull: out of range
Exception in mining loop: stoull: out of range
Exception in mining loop: stoull: out of range
Exception in mining loop: stoull: out of range
Exception in mining loop: stoull: out of range
Exception in mining loop: stoull: out of range
Exception in mining loop: stoull: out of range
Exception in mining loop: stoull: out of range
Exception in mining loop: stoull: out of range
Exception in mining loop: stoull: out of range
Exception in mining loop: stoull: out of range
Exception in mining loop: stoull: out of range
Exception in mining loop: stoull: out of range
Exception in mining loop: stoull: out of range
Exception in mining loop: stoull: out of range
Exception in mining loop: stoull: out of range
Exception in mining loop: stoull: out of range
Exception in mining loop: stoull: out of range
Exception in mining loop: stoull: out of range
Exception in mining loop: stoull: out of range
Exception in mining loop: stoull: out of range
Exception in mining loop: stoull: out of range
Exception in mining loop: stoull: out of range
Exception in mining loop: stoull: out of range
Exception in mining loop: stoull: out of range
Stats - Hashrate: {:.2f} H/s, Total: 0 H, Accepted: 481, Rejected: 0, Temp: {:.1f}°C
Exception in mining loop: stoull: out of range
Exception in mining loop: stoull: out of range
Exception in mining loop: stoull: out of range
Exception in mining loop: stoull: out of range
Exception in mining loop: stoull: out of range
Exception in mining loop: stoull: out of range
Exception in mining loop: stoull: out of range
Exception in mining loop: stoull: out of range
Exception in mining loop: stoull: out of range
Exception in mining loop: stoull: out of range
Exception in mining loop: stoull: out of range
Exception in mining loop: stoull: out of range
Exception in mining loop: stoull: out of range
Exception in mining loop: stoull: out of range
Exception in mining loop: stoull: out of range
Exception in mining loop: stoull: out of range
Exception in mining loop: stoull: out of range
Exception in mining loop: stoull: out of range
Exception in mining loop: stoull: out of range
Exception in mining loop: stoull: out of range
Exception in mining loop: stoull: out of range
Exception in mining loop: stoull: out of range
Exception in mining loop: stoull: out of range
Exception in mining loop: stoull: out of range
Exception in mining loop: stoull: out of range
Exception in mining loop: stoull: out of range
Exception in mining loop: stoull: out of range
Exception in mining loop: stoull: out of range
Exception in mining loop: stoull: out of range
Exception in mining loop: stoull: out of range
Stats - Hashrate: {:.2f} H/s, Total: 0 H, Accepted: 511, Rejected: 0, Temp: {:.1f}°C
Exception in mining loop: stoull: out of range
Exception in mining loop: stoull: out of range
Exception in mining loop: stoull: out of range
Exception in mining loop: stoull: out of range
Exception in mining loop: stoull: out of range
Exception in mining loop: stoull: out of range
Exception in mining loop: stoull: out of range
Exception in mining loop: stoull: out of range
Exception in mining loop: stoull: out of range
Exception in mining loop: stoull: out of range
Exception in mining loop: stoull: out of range
Exception in mining loop: stoull: out of range
Exception in mining loop: stoull: out of range
Exception in mining loop: stoull: out of range
Exception in mining loop: stoull: out of range
Exception in mining loop: stoull: out of range
Exception in mining loop: stoull: out of range
Exception in mining loop: stoull: out of range
Exception in mining loop: stoull: out of range
Exception in mining loop: stoull: out of range
Exception in mining loop: stoull: out of range
Exception in mining loop: stoull: out of range
Exception in mining loop: stoull: out of range
Exception in mining loop: stoull: out of range
Exception in mining loop: stoull: out of range
Exception in mining loop: stoull: out of range
Exception in mining loop: stoull: out of range
Exception in mining loop: stoull: out of range
Exception in mining loop: stoull: out of range
Exception in mining loop: stoull: out of range
Stats - Hashrate: {:.2f} H/s, Total: 0 H, Accepted: 541, Rejected: 0, Temp: {:.1f}°C
Exception in mining loop: stoull: out of range
Exception in mining loop: stoull: out of range
Exception in mining loop: stoull: out of range
Exception in mining loop: stoull: out of range
Exception in mining loop: stoull: out of range
Exception in mining loop: stoull: out of range
Exception in mining loop: stoull: out of range
Exception in mining loop: stoull: out of range
Exception in mining loop: stoull: out of range
Exception in mining loop: stoull: out of range
Exception in mining loop: stoull: out of range
Exception in mining loop: stoull: out of range
Exception in mining loop: stoull: out of range
Exception in mining loop: stoull: out of range
Exception in mining loop: stoull: out of range
Exception in mining loop: stoull: out of range
Exception in mining loop: stoull: out of range
Exception in mining loop: stoull: out of range
Exception in mining loop: stoull: out of range
Exception in mining loop: stoull: out of range
Exception in mining loop: stoull: out of range
Exception in mining loop: stoull: out of range
Exception in mining loop: stoull: out of range
Exception in mining loop: stoull: out of range
Exception in mining loop: stoull: out of range
Exception in mining loop: stoull: out of range
Exception in mining loop: stoull: out of range
Exception in mining loop: stoull: out of range
Exception in mining loop: stoull: out of range
Exception in mining loop: stoull: out of range
Stats - Hashrate: {:.2f} H/s, Total: 0 H, Accepted: 571, Rejected: 0, Temp: {:.1f}°C
Exception in mining loop: stoull: out of range
Exception in mining loop: stoull: out of range
Exception in mining loop: stoull: out of range
Exception in mining loop: stoull: out of range
Exception in mining loop: stoull: out of range
Exception in mining loop: stoull: out of range
Exception in mining loop: stoull: out of range
Exception in mining loop: stoull: out of range
Exception in mining loop: stoull: out of range
Exception in mining loop: stoull: out of range
Exception in mining loop: stoull: out of range
Exception in mining loop: stoull: out of range
Exception in mining loop: stoull: out of range
Exception in mining loop: stoull: out of range
Exception in mining loop: stoull: out of range
Exception in mining loop: stoull: out of range
Exception in mining loop: stoull: out of range
Exception in mining loop: stoull: out of range
Exception in mining loop: stoull: out of range
Exception in mining loop: stoull: out of range
Exception in mining loop: stoull: out of range
Exception in mining loop: stoull: out of range
Exception in mining loop: stoull: out of range
Exception in mining loop: stoull: out of range
Exception in mining loop: stoull: out of range
Exception in mining loop: stoull: out of range
Exception in mining loop: stoull: out of range
Exception in mining loop: stoull: out of range
Exception in mining loop: stoull: out of range
Exception in mining loop: stoull: out of range
Stats - Hashrate: {:.2f} H/s, Total: 0 H, Accepted: 601, Rejected: 0, Temp: {:.1f}°C
Exception in mining loop: stoull: out of range
Exception in mining loop: stoull: out of range
Exception in mining loop: stoull: out of range
Exception in mining loop: stoull: out of range
Exception in mining loop: stoull: out of range
Exception in mining loop: stoull: out of range
Exception in mining loop: stoull: out of range
Exception in mining loop: stoull: out of range
Exception in mining loop: stoull: out of range
Exception in mining loop: stoull: out of range
Exception in mining loop: stoull: out of range
Exception in mining loop: stoull: out of range
Exception in mining loop: stoull: out of range
Exception in mining loop: stoull: out of range
Exception in mining loop: stoull: out of range
Exception in mining loop: stoull: out of range
Exception in mining loop: stoull: out of range
Exception in mining loop: stoull: out of range
Exception in mining loop: stoull: out of range
Exception in mining loop: stoull: out of range
Exception in mining loop: stoull: out of range
Exception in mining loop: stoull: out of range
Exception in mining loop: stoull: out of range
Exception in mining loop: stoull: out of range
Exception in mining loop: stoull: out of range
Exception in mining loop: stoull: out of range
Exception in mining loop: stoull: out of range
Exception in mining loop: stoull: out of range
Exception in mining loop: stoull: out of range
Exception in mining loop: stoull: out of range
Stats - Hashrate: {:.2f} H/s, Total: 0 H, Accepted: 631, Rejected: 0, Temp: {:.1f}°C
Exception in mining loop: stoull: out of range
Exception in mining loop: stoull: out of range
Exception in mining loop: stoull: out of range
Exception in mining loop: stoull: out of range
Exception in mining loop: stoull: out of range
Exception in mining loop: stoull: out of range
Exception in mining loop: stoull: out of range
Exception in mining loop: stoull: out of range
Exception in mining loop: stoull: out of range
Exception in mining loop: stoull: out of range
Exception in mining loop: stoull: out of range
Exception in mining loop: stoull: out of range
Exception in mining loop: stoull: out of range
Exception in mining loop: stoull: out of range
Exception in mining loop: stoull: out of range
Exception in mining loop: stoull: out of range
Exception in mining loop: stoull: out of range
Exception in mining loop: stoull: out of range
Exception in mining loop: stoull: out of range
Exception in mining loop: stoull: out of range
Exception in mining loop: stoull: out of range
Exception in mining loop: stoull: out of range
Exception in mining loop: stoull: out of range
Exception in mining loop: stoull: out of range
Exception in mining loop: stoull: out of range
Exception in mining loop: stoull: out of range
Exception in mining loop: stoull: out of range
Exception in mining loop: stoull: out of range
Exception in mining loop: stoull: out of range
Exception in mining loop: stoull: out of range
Stats - Hashrate: {:.2f} H/s, Total: 0 H, Accepted: 661, Rejected: 0, Temp: {:.1f}°C
Exception in mining loop: stoull: out of range
Exception in mining loop: stoull: out of range
Exception in mining loop: stoull: out of range
Exception in mining loop: stoull: out of range
Exception in mining loop: stoull: out of range
Exception in mining loop: stoull: out of range
Exception in mining loop: stoull: out of range
Exception in mining loop: stoull: out of range
Exception in mining loop: stoull: out of range
Exception in mining loop: stoull: out of range
Exception in mining loop: stoull: out of range
Exception in mining loop: stoull: out of range
Exception in mining loop: stoull: out of range
Exception in mining loop: stoull: out of range
Exception in mining loop: stoull: out of range
Exception in mining loop: stoull: out of range
Exception in mining loop: stoull: out of range
Exception in mining loop: stoull: out of range
Exception in mining loop: stoull: out of range
Exception in mining loop: stoull: out of range
Exception in mining loop: stoull: out of range
Exception in mining loop: stoull: out of range
Exception in mining loop: stoull: out of range
Exception in mining loop: stoull: out of range
Exception in mining loop: stoull: out of range
Exception in mining loop: stoull: out of range
Exception in mining loop: stoull: out of range
Exception in mining loop: stoull: out of range
Exception in mining loop: stoull: out of range
Exception in mining loop: stoull: out of range
Stats - Hashrate: {:.2f} H/s, Total: 0 H, Accepted: 691, Rejected: 0, Temp: {:.1f}°C
Exception in mining loop: stoull: out of range
Exception in mining loop: stoull: out of range
Exception in mining loop: stoull: out of range
Exception in mining loop: stoull: out of range
Exception in mining loop: stoull: out of range
Exception in mining loop: stoull: out of range
Exception in mining loop: stoull: out of range
Exception in mining loop: stoull: out of range
Exception in mining loop: stoull: out of range
Exception in mining loop: stoull: out of range
Exception in mining loop: stoull: out of range
Exception in mining loop: stoull: out of range
Exception in mining loop: stoull: out of range
Exception in mining loop: stoull: out of range
Exception in mining loop: stoull: out of range
Exception in mining loop: stoull: out of range
Exception in mining loop: stoull: out of range
Exception in mining loop: stoull: out of range
Exception in mining loop: stoull: out of range
Exception in mining loop: stoull: out of range
Exception in mining loop: stoull: out of range
Exception in mining loop: stoull: out of range
Exception in mining loop: stoull: out of range
Exception in mining loop: stoull: out of range
Exception in mining loop: stoull: out of range
Exception in mining loop: stoull: out of range
Exception in mining loop: stoull: out of range
Exception in mining loop: stoull: out of range
Exception in mining loop: stoull: out of range
Exception in mining loop: stoull: out of range
Stats - Hashrate: {:.2f} H/s, Total: 0 H, Accepted: 721, Rejected: 0, Temp: {:.1f}°C
Exception in mining loop: stoull: out of range
Exception in mining loop: stoull: out of range
Exception in mining loop: stoull: out of range
Exception in mining loop: stoull: out of range
Exception in mining loop: stoull: out of range
Exception in mining loop: stoull: out of range
Exception in mining loop: stoull: out of range
Exception in mining loop: stoull: out of range
Exception in mining loop: stoull: out of range
Exception in mining loop: stoull: out of range
Exception in mining loop: stoull: out of range
Exception in mining loop: stoull: out of range
Exception in mining loop: stoull: out of range
Exception in mining loop: stoull: out of range
Exception in mining loop: stoull: out of range
Exception in mining loop: stoull: out of range
Exception in mining loop: stoull: out of range
Exception in mining loop: stoull: out of range
Exception in mining loop: stoull: out of range
Exception in mining loop: stoull: out of range
Exception in mining loop: stoull: out of range
Exception in mining loop: stoull: out of range
Exception in mining loop: stoull: out of range
Exception in mining loop: stoull: out of range
Exception in mining loop: stoull: out of range
Exception in mining loop: stoull: out of range
Exception in mining loop: stoull: out of range
Exception in mining loop: stoull: out of range
Exception in mining loop: stoull: out of range
Exception in mining loop: stoull: out of range
Stats - Hashrate: {:.2f} H/s, Total: 0 H, Accepted: 751, Rejected: 0, Temp: {:.1f}°C
Exception in mining loop: stoull: out of range
Exception in mining loop: stoull: out of range
Exception in mining loop: stoull: out of range
Exception in mining loop: stoull: out of range
Exception in mining loop: stoull: out of range
Exception in mining loop: stoull: out of range
Exception in mining loop: stoull: out of range
Exception in mining loop: stoull: out of range
Exception in mining loop: stoull: out of range
Exception in mining loop: stoull: out of range
Exception in mining loop: stoull: out of range
Exception in mining loop: stoull: out of range
Exception in mining loop: stoull: out of range
Exception in mining loop: stoull: out of range
Exception in mining loop: stoull: out of range
Exception in mining loop: stoull: out of range
Exception in mining loop: stoull: out of range
Exception in mining loop: stoull: out of range
Exception in mining loop: stoull: out of range
Exception in mining loop: stoull: out of range
Exception in mining loop: stoull: out of range
Exception in mining loop: stoull: out of range
Exception in mining loop: stoull: out of range
Exception in mining loop: stoull: out of range
Exception in mining loop: stoull: out of range
Exception in mining loop: stoull: out of range
Exception in mining loop: stoull: out of range
Exception in mining loop: stoull: out of range
Exception in mining loop: stoull: out of range
Exception in mining loop: stoull: out of range
Stats - Hashrate: {:.2f} H/s, Total: 0 H, Accepted: 781, Rejected: 0, Temp: {:.1f}°C
Exception in mining loop: stoull: out of range
Exception in mining loop: stoull: out of range
Exception in mining loop: stoull: out of range
Exception in mining loop: stoull: out of range
Exception in mining loop: stoull: out of range
Exception in mining loop: stoull: out of range
Exception in mining loop: stoull: out of range
Exception in mining loop: stoull: out of range
Exception in mining loop: stoull: out of range
Exception in mining loop: stoull: out of range
Exception in mining loop: stoull: out of range
Exception in mining loop: stoull: out of range
Exception in mining loop: stoull: out of range
Exception in mining loop: stoull: out of range
Exception in mining loop: stoull: out of range
Exception in mining loop: stoull: out of range
Exception in mining loop: stoull: out of range
Exception in mining loop: stoull: out of range
Exception in mining loop: stoull: out of range
Exception in mining loop: stoull: out of range
Exception in mining loop: stoull: out of range
Exception in mining loop: stoull: out of range
Exception in mining loop: stoull: out of range
Exception in mining loop: stoull: out of range
Exception in mining loop: stoull: out of range
Exception in mining loop: stoull: out of range
Exception in mining loop: stoull: out of range
Exception in mining loop: stoull: out of range
Exception in mining loop: stoull: out of range
Exception in mining loop: stoull: out of range
Stats - Hashrate: {:.2f} H/s, Total: 0 H, Accepted: 811, Rejected: 0, Temp: {:.1f}°C
Exception in mining loop: stoull: out of range
Exception in mining loop: stoull: out of range
Exception in mining loop: stoull: out of range
Exception in mining loop: stoull: out of range
Exception in mining loop: stoull: out of range
Exception in mining loop: stoull: out of range
Exception in mining loop: stoull: out of range
Exception in mining loop: stoull: out of range
Exception in mining loop: stoull: out of range
Exception in mining loop: stoull: out of range
Exception in mining loop: stoull: out of range
Exception in mining loop: stoull: out of range
Exception in mining loop: stoull: out of range
Exception in mining loop: stoull: out of range
Exception in mining loop: stoull: out of range
Exception in mining loop: stoull: out of range
Exception in mining loop: stoull: out of range
Exception in mining loop: stoull: out of range
Exception in mining loop: stoull: out of range
Exception in mining loop: stoull: out of range
Exception in mining loop: stoull: out of range
Exception in mining loop: stoull: out of range
Exception in mining loop: stoull: out of range
Exception in mining loop: stoull: out of range
Exception in mining loop: stoull: out of range
Exception in mining loop: stoull: out of range
Exception in mining loop: stoull: out of range
Exception in mining loop: stoull: out of range
Exception in mining loop: stoull: out of range
Exception in mining loop: stoull: out of range
Stats - Hashrate: {:.2f} H/s, Total: 0 H, Accepted: 841, Rejected: 0, Temp: {:.1f}°C
Exception in mining loop: stoull: out of range
Exception in mining loop: stoull: out of range
Exception in mining loop: stoull: out of range
Exception in mining loop: stoull: out of range
Exception in mining loop: stoull: out of range
Exception in mining loop: stoull: out of range
Exception in mining loop: stoull: out of range
Exception in mining loop: stoull: out of range
Exception in mining loop: stoull: out of range
Exception in mining loop: stoull: out of range
Exception in mining loop: stoull: out of range
Exception in mining loop: stoull: out of range
Exception in mining loop: stoull: out of range
Exception in mining loop: stoull: out of range
Exception in mining loop: stoull: out of range
Exception in mining loop: stoull: out of range
Exception in mining loop: stoull: out of range
Exception in mining loop: stoull: out of range
Exception in mining loop: stoull: out of range
Exception in mining loop: stoull: out of range
Exception in mining loop: stoull: out of range
Exception in mining loop: stoull: out of range
Exception in mining loop: stoull: out of range
Exception in mining loop: stoull: out of range
Exception in mining loop: stoull: out of range
Exception in mining loop: stoull: out of range
Exception in mining loop: stoull: out of range
Exception in mining loop: stoull: out of range
Exception in mining loop: stoull: out of range
Exception in mining loop: stoull: out of range
Stats - Hashrate: {:.2f} H/s, Total: 0 H, Accepted: 871, Rejected: 0, Temp: {:.1f}°C
Exception in mining loop: stoull: out of range
Exception in mining loop: stoull: out of range
Exception in mining loop: stoull: out of range
Exception in mining loop: stoull: out of range
Exception in mining loop: stoull: out of range
Exception in mining loop: stoull: out of range
Exception in mining loop: stoull: out of range
Exception in mining loop: stoull: out of range
Exception in mining loop: stoull: out of range
Exception in mining loop: stoull: out of range
Exception in mining loop: stoull: out of range
Exception in mining loop: stoull: out of range
Exception in mining loop: stoull: out of range
Exception in mining loop: stoull: out of range
Exception in mining loop: stoull: out of range
Exception in mining loop: stoull: out of range
Exception in mining loop: stoull: out of range
Exception in mining loop: stoull: out of range
Exception in mining loop: stoull: out of range
Exception in mining loop: stoull: out of range
Exception in mining loop: stoull: out of range
Exception in mining loop: stoull: out of range
Exception in mining loop: stoull: out of range
Exception in mining loop: stoull: out of range
Exception in mining loop: stoull: out of range
Exception in mining loop: stoull: out of range
Exception in mining loop: stoull: out of range
Exception in mining loop: stoull: out of range
Exception in mining loop: stoull: out of range
Exception in mining loop: stoull: out of range
Stats - Hashrate: {:.2f} H/s, Total: 0 H, Accepted: 901, Rejected: 0, Temp: {:.1f}°C
Exception in mining loop: stoull: out of range
Exception in mining loop: stoull: out of range
Exception in mining loop: stoull: out of range
Exception in mining loop: stoull: out of range
Exception in mining loop: stoull: out of range
Exception in mining loop: stoull: out of range
Exception in mining loop: stoull: out of range
Exception in mining loop: stoull: out of range
Exception in mining loop: stoull: out of range
Exception in mining loop: stoull: out of range
Exception in mining loop: stoull: out of range
Exception in mining loop: stoull: out of range
Exception in mining loop: stoull: out of range
Exception in mining loop: stoull: out of range
Exception in mining loop: stoull: out of range
Exception in mining loop: stoull: out of range
Exception in mining loop: stoull: out of range
Exception in mining loop: stoull: out of range
Exception in mining loop: stoull: out of range
Exception in mining loop: stoull: out of range
Exception in mining loop: stoull: out of range
Exception in mining loop: stoull: out of range
Exception in mining loop: stoull: out of range
Exception in mining loop: stoull: out of range
Exception in mining loop: stoull: out of range
Exception in mining loop: stoull: out of range
Exception in mining loop: stoull: out of range
Exception in mining loop: stoull: out of range
Exception in mining loop: stoull: out of range
Exception in mining loop: stoull: out of range
Stats - Hashrate: {:.2f} H/s, Total: 0 H, Accepted: 931, Rejected: 0, Temp: {:.1f}°C
Exception in mining loop: stoull: out of range
Exception in mining loop: stoull: out of range
Exception in mining loop: stoull: out of range
Exception in mining loop: stoull: out of range
Exception in mining loop: stoull: out of range
Exception in mining loop: stoull: out of range
Exception in mining loop: stoull: out of range
Exception in mining loop: stoull: out of range
Exception in mining loop: stoull: out of range
Exception in mining loop: stoull: out of range
Exception in mining loop: stoull: out of range
Exception in mining loop: stoull: out of range
Exception in mining loop: stoull: out of range
Exception in mining loop: stoull: out of range
Exception in mining loop: stoull: out of range
Exception in mining loop: stoull: out of range
Exception in mining loop: stoull: out of range
Exception in mining loop: stoull: out of range
Exception in mining loop: stoull: out of range
Exception in mining loop: stoull: out of range
Exception in mining loop: stoull: out of range
Exception in mining loop: stoull: out of range
Exception in mining loop: stoull: out of range
Exception in mining loop: stoull: out of range
Exception in mining loop: stoull: out of range
Exception in mining loop: stoull: out of range
Exception in mining loop: stoull: out of range
Exception in mining loop: stoull: out of range
Exception in mining loop: stoull: out of range
Exception in mining loop: stoull: out of range
Stats - Hashrate: {:.2f} H/s, Total: 0 H, Accepted: 961, Rejected: 0, Temp: {:.1f}°C
Exception in mining loop: stoull: out of range
Exception in mining loop: stoull: out of range
Exception in mining loop: stoull: out of range
Exception in mining loop: stoull: out of range
Exception in mining loop: stoull: out of range
Exception in mining loop: stoull: out of range
Exception in mining loop: stoull: out of range
Exception in mining loop: stoull: out of range
Exception in mining loop: stoull: out of range
Exception in mining loop: stoull: out of range
Exception in mining loop: stoull: out of range
Exception in mining loop: stoull: out of range
Exception in mining loop: stoull: out of range
Exception in mining loop: stoull: out of range
Exception in mining loop: stoull: out of range
Exception in mining loop: stoull: out of range
Exception in mining loop: stoull: out of range
Exception in mining loop: stoull: out of range
Exception in mining loop: stoull: out of range
Exception in mining loop: stoull: out of range
Exception in mining loop: stoull: out of range
Exception in mining loop: stoull: out of range
Exception in mining loop: stoull: out of range
Exception in mining loop: stoull: out of range
Exception in mining loop: stoull: out of range
Exception in mining loop: stoull: out of range
Exception in mining loop: stoull: out of range
Exception in mining loop: stoull: out of range
Exception in mining loop: stoull: out of range
Exception in mining loop: stoull: out of range
Stats - Hashrate: {:.2f} H/s, Total: 0 H, Accepted: 991, Rejected: 0, Temp: {:.1f}°C
Exception in mining loop: stoull: out of range
Exception in mining loop: stoull: out of range
Exception in mining loop: stoull: out of range
Exception in mining loop: stoull: out of range
Exception in mining loop: stoull: out of range
Exception in mining loop: stoull: out of range
Exception in mining loop: stoull: out of range
Exception in mining loop: stoull: out of range
Exception in mining loop: stoull: out of range
Exception in mining loop: stoull: out of range
Exception in mining loop: stoull: out of range
Exception in mining loop: stoull: out of range
Exception in mining loop: stoull: out of range
Exception in mining loop: stoull: out of range
Exception in mining loop: stoull: out of range
Exception in mining loop: stoull: out of range
Exception in mining loop: stoull: out of range
Exception in mining loop: stoull: out of range
Exception in mining loop: stoull: out of range
Exception in mining loop: stoull: out of range
Exception in mining loop: stoull: out of range
Exception in mining loop: stoull: out of range
Exception in mining loop: stoull: out of range
Exception in mining loop: stoull: out of range
Exception in mining loop: stoull: out of range
Exception in mining loop: stoull: out of range
Exception in mining loop: stoull: out of range
Exception in mining loop: stoull: out of range
Exception in mining loop: stoull: out of range
Exception in mining loop: stoull: out of range
Stats - Hashrate: {:.2f} H/s, Total: 0 H, Accepted: 1021, Rejected: 0, Temp: {:.1f}°C
Exception in mining loop: stoull: out of range
Exception in mining loop: stoull: out of range
Exception in mining loop: stoull: out of range
Exception in mining loop: stoull: out of range
Exception in mining loop: stoull: out of range
Exception in mining loop: stoull: out of range
Exception in mining loop: stoull: out of range
Exception in mining loop: stoull: out of range
Exception in mining loop: stoull: out of range
Exception in mining loop: stoull: out of range
Exception in mining loop: stoull: out of range
Exception in mining loop: stoull: out of range
Exception in mining loop: stoull: out of range
Exception in mining loop: stoull: out of range
Exception in mining loop: stoull: out of range
Exception in mining loop: stoull: out of range
Exception in mining loop: stoull: out of range
Exception in mining loop: stoull: out of range
Exception in mining loop: stoull: out of range
Exception in mining loop: stoull: out of range
Exception in mining loop: stoull: out of range
Exception in mining loop: stoull: out of range
Exception in mining loop: stoull: out of range
Exception in mining loop: stoull: out of range
Exception in mining loop: stoull: out of range
Exception in mining loop: stoull: out of range
Exception in mining loop: stoull: out of range
Exception in mining loop: stoull: out of range
Exception in mining loop: stoull: out of range
Exception in mining loop: stoull: out of range
Stats - Hashrate: {:.2f} H/s, Total: 0 H, Accepted: 1051, Rejected: 0, Temp: {:.1f}°C
Exception in mining loop: stoull: out of range
Exception in mining loop: stoull: out of range
Exception in mining loop: stoull: out of range
Exception in mining loop: stoull: out of range
Exception in mining loop: stoull: out of range
Exception in mining loop: stoull: out of range
Exception in mining loop: stoull: out of range
Exception in mining loop: stoull: out of range
Exception in mining loop: stoull: out of range
Exception in mining loop: stoull: out of range
Exception in mining loop: stoull: out of range
Exception in mining loop: stoull: out of range
Exception in mining loop: stoull: out of range
Exception in mining loop: stoull: out of range
Exception in mining loop: stoull: out of range
Exception in mining loop: stoull: out of range
Exception in mining loop: stoull: out of range
Exception in mining loop: stoull: out of range
Exception in mining loop: stoull: out of range
Exception in mining loop: stoull: out of range
Exception in mining loop: stoull: out of range
Exception in mining loop: stoull: out of range
Exception in mining loop: stoull: out of range
Exception in mining loop: stoull: out of range
Exception in mining loop: stoull: out of range
Exception in mining loop: stoull: out of range
Exception in mining loop: stoull: out of range
Exception in mining loop: stoull: out of range
Exception in mining loop: stoull: out of range
Exception in mining loop: stoull: out of range
Stats - Hashrate: {:.2f} H/s, Total: 0 H, Accepted: 1081, Rejected: 0, Temp: {:.1f}°C
Exception in mining loop: stoull: out of range
Exception in mining loop: stoull: out of range
Exception in mining loop: stoull: out of range
Exception in mining loop: stoull: out of range
Exception in mining loop: stoull: out of range
Exception in mining loop: stoull: out of range
Exception in mining loop: stoull: out of range
Exception in mining loop: stoull: out of range
Exception in mining loop: stoull: out of range
Exception in mining loop: stoull: out of range
Exception in mining loop: stoull: out of range
Exception in mining loop: stoull: out of range
Exception in mining loop: stoull: out of range
Exception in mining loop: stoull: out of range
Exception in mining loop: stoull: out of range
Exception in mining loop: stoull: out of range
Exception in mining loop: stoull: out of range
Exception in mining loop: stoull: out of range
Exception in mining loop: stoull: out of range
Exception in mining loop: stoull: out of range
Exception in mining loop: stoull: out of range
Exception in mining loop: stoull: out of range
Exception in mining loop: stoull: out of range
Exception in mining loop: stoull: out of range
Exception in mining loop: stoull: out of range
Exception in mining loop: stoull: out of range
Exception in mining loop: stoull: out of range
Exception in mining loop: stoull: out of range
Exception in mining loop: stoull: out of range
Exception in mining loop: stoull: out of range
Stats - Hashrate: {:.2f} H/s, Total: 0 H, Accepted: 1111, Rejected: 0, Temp: {:.1f}°C
Exception in mining loop: stoull: out of range
Exception in mining loop: stoull: out of range
Exception in mining loop: stoull: out of range
Exception in mining loop: stoull: out of range
Exception in mining loop: stoull: out of range
Exception in mining loop: stoull: out of range
Exception in mining loop: stoull: out of range
Exception in mining loop: stoull: out of range
Exception in mining loop: stoull: out of range
Exception in mining loop: stoull: out of range
Exception in mining loop: stoull: out of range
Exception in mining loop: stoull: out of range
Exception in mining loop: stoull: out of range
Exception in mining loop: stoull: out of range
Exception in mining loop: stoull: out of range
Exception in mining loop: stoull: out of range
Exception in mining loop: stoull: out of range
Exception in mining loop: stoull: out of range
Exception in mining loop: stoull: out of range
Exception in mining loop: stoull: out of range
Exception in mining loop: stoull: out of range
Exception in mining loop: stoull: out of range
Exception in mining loop: stoull: out of range
Exception in mining loop: stoull: out of range
Exception in mining loop: stoull: out of range
Exception in mining loop: stoull: out of range
Exception in mining loop: stoull: out of range
Exception in mining loop: stoull: out of range
Exception in mining loop: stoull: out of range
Exception in mining loop: stoull: out of range
Stats - Hashrate: {:.2f} H/s, Total: 0 H, Accepted: 1141, Rejected: 0, Temp: {:.1f}°C
Exception in mining loop: stoull: out of range
Exception in mining loop: stoull: out of range
Exception in mining loop: stoull: out of range
Exception in mining loop: stoull: out of range
Exception in mining loop: stoull: out of range
Exception in mining loop: stoull: out of range
Exception in mining loop: stoull: out of range
Exception in mining loop: stoull: out of range
Exception in mining loop: stoull: out of range
Exception in mining loop: stoull: out of range
Exception in mining loop: stoull: out of range
Exception in mining loop: stoull: out of range
Exception in mining loop: stoull: out of range
Exception in mining loop: stoull: out of range
Exception in mining loop: stoull: out of range
